#
# A fatal error has been detected by the Java Runtime Environment:
#
#  EXCEPTION_ACCESS_VIOLATION (0xc0000005) at pc=0x6a01c525, pid=3660, tid=3408
#
# JRE version: Java(TM) SE Runtime Environment (8.0_65-b17) (build 1.8.0_65-b17)
# Java VM: Java HotSpot(TM) Client VM (25.65-b01 mixed mode windows-x86 )
# Problematic frame:
# C  [ig7icd32.dll+0x7c525]
#
# Failed to write core dump. Minidumps are not enabled by default on client versions of Windows
#
# If you would like to submit a bug report, please visit:
#   http://bugreport.java.com/bugreport/crash.jsp
# The crash happened outside the Java Virtual Machine in native code.
# See problematic frame for where to report the bug.
#

---------------  T H R E A D  ---------------

Current thread (0x02a0c400):  JavaThread "main" [_thread_in_native, id=3408, stack(0x02960000,0x029b0000)]

siginfo: ExceptionCode=0xc0000005, reading address 0x00000000

Registers:
EAX=0x00000004, EBX=0x00000010, ECX=0x00000000, EDX=0x00000000
ESP=0x029ac89c, EBP=0x029ac8a4, ESI=0x00000040, EDI=0x173b7000
EIP=0x6a01c525, EFLAGS=0x00010202

Top of Stack: (sp=0x029ac89c)
0x029ac89c:   029accec 16670080 029ad188 6a0debe7
0x029ac8ac:   00000040 16670080 166d0140 029af2b0
0x029ac8bc:   af9cf850 dc08221d 2750d1dd 50787bba
0x029ac8cc:   1aebefdb 2dc4f11b d58f156a 165b5470
0x029ac8dc:   dbda05da 4eba9ebc 7b487531 aae8e875
0x029ac8ec:   c41af147 07bfac43 3b5b7835 73c4eb3a
0x029ac8fc:   5b4ebc3d 3c76b68c b5cbedc6 bd7f92ea
0x029ac90c:   df8f1536 8bb7b752 83787a7a 76f46ae6 

Instructions: (pc=0x6a01c525)
0x6a01c505:   57 50 66 0f e7 4f 60 66 0f e7 47 70 83 ef 80 48
0x6a01c515:   75 a9 83 e6 7f 74 1a 8b c6 c1 e8 04 85 c0 74 11
0x6a01c525:   66 0f 6f 02 83 c2 10 66 0f e7 07 83 c7 10 48 75
0x6a01c535:   ef 83 e6 0f 74 30 8b ce c1 e9 02 85 c9 74 0d 8b 


Register to memory mapping:

EAX=0x00000004 is an unknown value
EBX=0x00000010 is an unknown value
ECX=0x00000000 is an unknown value
EDX=0x00000000 is an unknown value
ESP=0x029ac89c is pointing into the stack for thread: 0x02a0c400
EBP=0x029ac8a4 is pointing into the stack for thread: 0x02a0c400
ESI=0x00000040 is an unknown value
EDI=0x173b7000 is an unknown value


Stack: [0x02960000,0x029b0000],  sp=0x029ac89c,  free space=306k
Native frames: (J=compiled Java code, j=interpreted, Vv=VM code, C=native code)
C  [ig7icd32.dll+0x7c525]
C  [ig7icd32.dll+0x13ebe7]
C  [ig7icd32.dll+0x1c09a3]
C  [ig7icd32.dll+0x5a139]
C  [ig7icd32.dll+0x1ec027]
C  [ig7icd32.dll+0x7b9bd]
C  [ig7icd32.dll+0x23e754]
C  [ig7icd32.dll+0x23ea84]
C  [ig7icd32.dll+0x2401fd]
C  [lwjgl.dll+0x8508]
j  org.lwjgl.opengl.GL11.glDrawElements(IIIJ)V+28
j  br.com.perin.renderEngine.Renderer.render(Lbr/com/perin/models/TextureModel;)V+48
j  br.com.perin.engineTester.MainGameLoop.run()V+74
j  br.com.perin.engineTester.MainGameLoop.main([Ljava/lang/String;)V+7
v  ~StubRoutines::call_stub
V  [jvm.dll+0x158985]
V  [jvm.dll+0x21df3e]
V  [jvm.dll+0x158a1e]
V  [jvm.dll+0xdaac7]
V  [jvm.dll+0xe305f]
C  [java.exe+0x228d]
C  [java.exe+0xae9f]
C  [java.exe+0xaf29]
C  [KERNEL32.DLL+0x162c4]
C  [ntdll.dll+0x60719]
C  [ntdll.dll+0x606e4]
C  0x00000000

Java frames: (J=compiled Java code, j=interpreted, Vv=VM code)
j  org.lwjgl.opengl.GL11.nglDrawElementsBO(IIIJJ)V+0
j  org.lwjgl.opengl.GL11.glDrawElements(IIIJ)V+28
j  br.com.perin.renderEngine.Renderer.render(Lbr/com/perin/models/TextureModel;)V+48
j  br.com.perin.engineTester.MainGameLoop.run()V+74
j  br.com.perin.engineTester.MainGameLoop.main([Ljava/lang/String;)V+7
v  ~StubRoutines::call_stub

---------------  P R O C E S S  ---------------

Java Threads: ( => current thread )
  0x151ed000 JavaThread "Service Thread" daemon [_thread_blocked, id=9036, stack(0x15770000,0x157c0000)]
  0x151d9800 JavaThread "C1 CompilerThread0" daemon [_thread_blocked, id=7796, stack(0x156e0000,0x15730000)]
  0x151d8400 JavaThread "Attach Listener" daemon [_thread_blocked, id=3980, stack(0x15650000,0x156a0000)]
  0x151d6400 JavaThread "Signal Dispatcher" daemon [_thread_blocked, id=9952, stack(0x155c0000,0x15610000)]
  0x151a4400 JavaThread "Finalizer" daemon [_thread_blocked, id=8468, stack(0x15430000,0x15480000)]
  0x151a3400 JavaThread "Reference Handler" daemon [_thread_blocked, id=10888, stack(0x153a0000,0x153f0000)]
=>0x02a0c400 JavaThread "main" [_thread_in_native, id=3408, stack(0x02960000,0x029b0000)]

Other Threads:
  0x02bbd800 VMThread [stack: 0x15150000,0x151a0000] [id=2236]
  0x15202c00 WatcherThread [stack: 0x15800000,0x15850000] [id=6156]

VM state:not at safepoint (normal execution)

VM Mutex/Monitor currently owned by a thread: None

Heap:
 def new generation   total 4928K, used 2475K [0x04c00000, 0x05150000, 0x0a150000)
  eden space 4416K,  44% used [0x04c00000, 0x04deadc8, 0x05050000)
  from space 512K, 100% used [0x050d0000, 0x05150000, 0x05150000)
  to   space 512K,   0% used [0x05050000, 0x05050000, 0x050d0000)
 tenured generation   total 10944K, used 1018K [0x0a150000, 0x0ac00000, 0x14c00000)
   the space 10944K,   9% used [0x0a150000, 0x0a24eb98, 0x0a24ec00, 0x0ac00000)
 Metaspace       used 3263K, capacity 3265K, committed 3392K, reserved 4480K

Card table byte_map: [0x14c00000,0x14c90000] byte_map_base: 0x14bda000

Polling page: 0x01110000

CodeCache: size=32768Kb used=854Kb max_used=854Kb free=31914Kb
 bounds [0x02bc0000, 0x02c98000, 0x04bc0000]
 total_blobs=307 nmethods=92 adapters=146
 compilation: enabled

Compilation events (10 events):
Event: 0.776 Thread 0x151d9800   87             java.nio.DirectByteBuffer::put (126 bytes)
Event: 0.777 Thread 0x151d9800 nmethod 87 0x02c92548 code [0x02c92690, 0x02c928dc]
Event: 0.777 Thread 0x151d9800   88             org.newdawn.slick.opengl.PNGImageData::unfilter (104 bytes)
Event: 0.777 Thread 0x151d9800 nmethod 88 0x02c92b08 code [0x02c92c80, 0x02c93290]
Event: 0.777 Thread 0x151d9800   89             org.newdawn.slick.opengl.PNGImageData::copy (12 bytes)
Event: 0.777 Thread 0x151d9800 nmethod 89 0x02c935c8 code [0x02c936d0, 0x02c9377c]
Event: 0.823 Thread 0x151d9800   91             java.nio.DirectByteBuffer::get (16 bytes)
Event: 0.823 Thread 0x151d9800 nmethod 91 0x02c93a88 code [0x02c93b80, 0x02c93c20]
Event: 0.828 Thread 0x151d9800   92 %           org.newdawn.slick.opengl.PNGImageData::loadImage @ 276 (690 bytes)
Event: 0.831 Thread 0x151d9800 nmethod 92% 0x02c93cc8 code [0x02c93f50, 0x02c94acc]

GC Heap History (2 events):
Event: 0.571 GC heap before
{Heap before GC invocations=0 (full 0):
 def new generation   total 4928K, used 4416K [0x04c00000, 0x05150000, 0x0a150000)
  eden space 4416K, 100% used [0x04c00000, 0x05050000, 0x05050000)
  from space 512K,   0% used [0x05050000, 0x05050000, 0x050d0000)
  to   space 512K,   0% used [0x050d0000, 0x050d0000, 0x05150000)
 tenured generation   total 10944K, used 0K [0x0a150000, 0x0ac00000, 0x14c00000)
   the space 10944K,   0% used [0x0a150000, 0x0a150000, 0x0a150200, 0x0ac00000)
 Metaspace       used 3239K, capacity 3265K, committed 3392K, reserved 4480K
Event: 0.575 GC heap after
Heap after GC invocations=1 (full 0):
 def new generation   total 4928K, used 512K [0x04c00000, 0x05150000, 0x0a150000)
  eden space 4416K,   0% used [0x04c00000, 0x04c00000, 0x05050000)
  from space 512K, 100% used [0x050d0000, 0x05150000, 0x05150000)
  to   space 512K,   0% used [0x05050000, 0x05050000, 0x050d0000)
 tenured generation   total 10944K, used 1018K [0x0a150000, 0x0ac00000, 0x14c00000)
   the space 10944K,   9% used [0x0a150000, 0x0a24eb98, 0x0a24ec00, 0x0ac00000)
 Metaspace       used 3239K, capacity 3265K, committed 3392K, reserved 4480K
}

Deoptimization events (0 events):
No events

Internal exceptions (6 events):
Event: 0.066 Thread 0x02a0c400 Exception <a 'java/lang/NoSuchMethodError': Method sun.misc.Unsafe.defineClass(Ljava/lang/String;[BII)Ljava/lang/Class; name or signature does not match> (0x04c0be20) thrown at [C:\re\workspace\8-2-build-windows-i586-cygwin\jdk8u65\4987\hotspot\src\share\v÷Û!ú«Ó∞?
Event: 0.066 Thread 0x02a0c400 Exception <a 'java/lang/NoSuchMethodError': Method sun.misc.Unsafe.prefetchRead(Ljava/lang/Object;J)V name or signature does not match> (0x04c0c0f0) thrown at [C:\re\workspace\8-2-build-windows-i586-cygwin\jdk8u65\4987\hotspot\src\share\vm\prims\jni.cpp, l+¥Evãw·?
Event: 0.546 Thread 0x02a0c400 Exception <a 'java/security/PrivilegedActionException'> (0x050038a0) thrown at [C:\re\workspace\8-2-build-windows-i586-cygwin\jdk8u65\4987\hotspot\src\share\vm\prims\jvm.cpp, line 1386]
Event: 0.546 Thread 0x02a0c400 Exception <a 'java/security/PrivilegedActionException'> (0x05003c80) thrown at [C:\re\workspace\8-2-build-windows-i586-cygwin\jdk8u65\4987\hotspot\src\share\vm\prims\jvm.cpp, line 1386]
Event: 0.547 Thread 0x02a0c400 Exception <a 'java/security/PrivilegedActionException'> (0x050080a0) thrown at [C:\re\workspace\8-2-build-windows-i586-cygwin\jdk8u65\4987\hotspot\src\share\vm\prims\jvm.cpp, line 1386]
Event: 0.547 Thread 0x02a0c400 Exception <a 'java/security/PrivilegedActionException'> (0x05008480) thrown at [C:\re\workspace\8-2-build-windows-i586-cygwin\jdk8u65\4987\hotspot\src\share\vm\prims\jvm.cpp, line 1386]

Events (10 events):
Event: 0.853 loading class br/com/perin/models/TextureModel
Event: 0.853 loading class br/com/perin/models/TextureModel done
Event: 0.854 loading class br/com/perin/shaders/StaticShader
Event: 0.854 loading class br/com/perin/shaders/StaticShader done
Event: 0.854 loading class br/com/perin/shaders/ShaderProgram
Event: 0.854 loading class br/com/perin/shaders/ShaderProgram done
Event: 0.862 loading class br/com/perin/renderEngine/Renderer
Event: 0.862 loading class br/com/perin/renderEngine/Renderer done
Event: 0.863 loading class org/lwjgl/opengl/GL13
Event: 0.863 loading class org/lwjgl/opengl/GL13 done


Dynamic libraries:
0x00e70000 - 0x00ea3000 	C:\Program Files (x86)\Java\jdk1.8.0_65\bin\java.exe
0x77d50000 - 0x77ed2000 	C:\WINDOWS\SYSTEM32\ntdll.dll
0x75920000 - 0x75a00000 	C:\WINDOWS\System32\KERNEL32.DLL
0x76ee0000 - 0x77081000 	C:\WINDOWS\System32\KERNELBASE.dll
0x69900000 - 0x69992000 	C:\WINDOWS\system32\apphelp.dll
0x755c0000 - 0x75637000 	C:\WINDOWS\System32\ADVAPI32.dll
0x773b0000 - 0x7746e000 	C:\WINDOWS\System32\msvcrt.dll
0x77090000 - 0x770d1000 	C:\WINDOWS\System32\sechost.dll
0x75850000 - 0x75911000 	C:\WINDOWS\System32\RPCRT4.dll
0x74810000 - 0x7482e000 	C:\WINDOWS\System32\SspiCli.dll
0x74800000 - 0x7480a000 	C:\WINDOWS\System32\CRYPTBASE.dll
0x77600000 - 0x7765a000 	C:\WINDOWS\System32\bcryptPrimitives.dll
0x779d0000 - 0x77b2f000 	C:\WINDOWS\System32\USER32.dll
0x77880000 - 0x77895000 	C:\WINDOWS\System32\win32u.dll
0x75640000 - 0x7566b000 	C:\WINDOWS\System32\GDI32.dll
0x77bf0000 - 0x77d4b000 	C:\WINDOWS\System32\gdi32full.dll
0x70f60000 - 0x7116a000 	C:\WINDOWS\WinSxS\x86_microsoft.windows.common-controls_6595b64144ccf1df_6.0.14393.447_none_89c64d28dafea4b9\COMCTL32.dll
0x77660000 - 0x77871000 	C:\WINDOWS\System32\combase.dll
0x75670000 - 0x75750000 	C:\WINDOWS\System32\ucrtbase.dll
0x77470000 - 0x77495000 	C:\WINDOWS\System32\IMM32.DLL
0x6b7f0000 - 0x6b8af000 	C:\Program Files (x86)\Java\jdk1.8.0_65\jre\bin\msvcr100.dll
0x6b8b0000 - 0x6bc74000 	C:\Program Files (x86)\Java\jdk1.8.0_65\jre\bin\client\jvm.dll
0x779c0000 - 0x779c6000 	C:\WINDOWS\System32\PSAPI.DLL
0x6ef50000 - 0x6ef58000 	C:\WINDOWS\SYSTEM32\WSOCK32.dll
0x70700000 - 0x70724000 	C:\WINDOWS\SYSTEM32\WINMM.dll
0x774a0000 - 0x77503000 	C:\WINDOWS\System32\WS2_32.dll
0x74380000 - 0x74388000 	C:\WINDOWS\SYSTEM32\VERSION.dll
0x706d0000 - 0x706f3000 	C:\WINDOWS\SYSTEM32\WINMMBASE.dll
0x74fe0000 - 0x75016000 	C:\WINDOWS\System32\cfgmgr32.dll
0x6f910000 - 0x6f91c000 	C:\Program Files (x86)\Java\jdk1.8.0_65\jre\bin\verify.dll
0x6c110000 - 0x6c131000 	C:\Program Files (x86)\Java\jdk1.8.0_65\jre\bin\java.dll
0x6c350000 - 0x6c363000 	C:\Program Files (x86)\Java\jdk1.8.0_65\jre\bin\zip.dll
0x75a60000 - 0x76e39000 	C:\WINDOWS\System32\SHELL32.dll
0x75050000 - 0x755be000 	C:\WINDOWS\System32\windows.storage.dll
0x75a10000 - 0x75a55000 	C:\WINDOWS\System32\powrprof.dll
0x77b30000 - 0x77b76000 	C:\WINDOWS\System32\shlwapi.dll
0x77be0000 - 0x77bed000 	C:\WINDOWS\System32\kernel.appcore.dll
0x74ef0000 - 0x74f78000 	C:\WINDOWS\System32\shcore.dll
0x75040000 - 0x7504f000 	C:\WINDOWS\System32\profapi.dll
0x15850000 - 0x1589f000 	D:\1-Projetos\Java\LightWeight\GameLibs\lib\natives\lwjgl.dll
0x6a720000 - 0x6a800000 	C:\WINDOWS\SYSTEM32\OPENGL32.dll
0x6a6f0000 - 0x6a715000 	C:\WINDOWS\SYSTEM32\GLU32.dll
0x6a600000 - 0x6a6ed000 	C:\WINDOWS\SYSTEM32\DDRAW.dll
0x6a5f0000 - 0x6a5f7000 	C:\WINDOWS\SYSTEM32\DCIMAN32.dll
0x71320000 - 0x71395000 	C:\WINDOWS\system32\uxtheme.dll
0x749a0000 - 0x74ad5000 	C:\WINDOWS\System32\MSCTF.dll
0x76e40000 - 0x76ed4000 	C:\WINDOWS\System32\OLEAUT32.dll
0x77930000 - 0x779ab000 	C:\WINDOWS\System32\msvcp_win.dll
0x70760000 - 0x7077f000 	C:\WINDOWS\system32\dwmapi.dll
0x69fa0000 - 0x6a5e5000 	C:\WINDOWS\SYSTEM32\ig7icd32.dll
0x662d0000 - 0x6664a000 	C:\WINDOWS\SYSTEM32\igdusc32.dll
0x716a0000 - 0x716af000 	C:\WINDOWS\SYSTEM32\WTSAPI32.dll
0x64940000 - 0x649c5000 	C:\WINDOWS\SYSTEM32\mscms.dll
0x713a0000 - 0x713ba000 	C:\WINDOWS\SYSTEM32\USERENV.dll
0x69f50000 - 0x69f8d000 	C:\WINDOWS\SYSTEM32\icm32.dll
0x6b4c0000 - 0x6b605000 	C:\Program Files (x86)\Java\jdk1.8.0_65\jre\bin\awt.dll
0x70bd0000 - 0x70d15000 	C:\WINDOWS\SYSTEM32\dbghelp.dll

VM Arguments:
jvm_args: -Dfile.encoding=UTF-8 -Djava.library.path=lib/natives/ 
java_command: br.com.perin.engineTester.MainGameLoop
java_class_path (initial): D:\1-Projetos\Java\LightWeight\GameLibs\lib\lwjgl-javadoc.jar;D:\1-Projetos\Java\LightWeight\GameLibs\lib\lwjgl-natives-windows.jar;D:\1-Projetos\Java\LightWeight\GameLibs\lib\lwjgl-sources.jar;D:\1-Projetos\Java\LightWeight\GameLibs\lib\lwjgl.jar;D:\1-Projetos\Java\LightWeight\GameLibs\lib\lwjgl_util.jar;D:\1-Projetos\Java\LightWeight\GameLibs\lib\slick-util.jar;D:\1-Projetos\Java\LightWeight\GameLibs\lib\slick.jar;D:\1-Projetos\Java\LightWeight\GameLibs\lib\AppleJavaExtensions.jar;D:\1-Projetos\Java\LightWeight\GameLibs\lib\asm-debug-all.jar;D:\1-Projetos\Java\LightWeight\GameLibs\lib\jinput.jar;D:\1-Projetos\Java\LightWeight\GameLibs\lib\laf-plugin-7.2.1.jar;D:\1-Projetos\Java\LightWeight\GameLibs\lib\laf-widget-7.2.1.jar;D:\1-Projetos\Java\LightWeight\GameLibs\lib\log4j-api-2.0-beta9.jar;D:\1-Projetos\Java\LightWeight\GameLibs\lib\lwjgl-debug.jar;D:\1-Projetos\Java\LightWeight\GameLibs\lib\lwjgl_test.jar;D:\1-Projetos\Java\LightWeight\GameLibs\lib\lwjgl_util_applet.jar;D:\1-Projetos\Java\LightWeight\GameLibs\lib\lzma.jar;D:\1-Projetos\Java\LightWeight\GameLibs\lib\substance-7.2.1.jar;D:\1-Projetos\Java\LightWeight\GameLibs\lib\trident-7.2.1.jar;D:\1-Projetos\Java\LightWeight\GameLibs\build\classes
Launcher Type: SUN_STANDARD

Environment Variables:
JAVA_HOME=C:\Program Files\Java\jdk1.8.0_77
PATH=C:\Program Files (x86)\Dev-Cpp\MinGW64\bin;C:\ProgramData\Oracle\Java\javapath;C:\Program Files (x86)\Java\jdk1.8.0_65\bin;C:\WINDOWS\system32;C:\WINDOWS;C:\WINDOWS\System32\Wbem;C:\WINDOWS\System32\WindowsPowerShell\v1.0\;D:\Batch;C:\Users\Joaov\OneDrive\Fonts\Batch;C:\Program Files\Microsoft SQL Server\120\Tools\Binn\;C:\Program Files\Microsoft SQL Server\130\Tools\Binn\;C:\MinGW\bin;C:\MinGW\MSYS\1.0\bin;C:\Program Files\Git\cmd;C:\Program Files (x86)\GtkSharp\2.12\bin;C:\Program Files\dotnet\;C:\Program Files (x86)\Windows Kits\10\Windows Performance Toolkit\;C:\Users\Joaov\AppData\Local\Microsoft\WindowsApps;C:\Users\Joaov\AppData\Local\.meteor\
USERNAME=Joaov
OS=Windows_NT
PROCESSOR_IDENTIFIER=Intel64 Family 6 Model 58 Stepping 9, GenuineIntel



---------------  S Y S T E M  ---------------

OS: Windows 10.0 , 64 bit Build 14393 (10.0.14393.0)

CPU:total 4 (2 cores per cpu, 2 threads per core) family 6 model 58 stepping 9, cmov, cx8, fxsr, mmx, sse, sse2, sse3, ssse3, sse4.1, sse4.2, popcnt, avx, aes, clmul, erms, ht, tsc, tscinvbit, tscinv

Memory: 4k page, physical 5715556k(2208680k free), swap 7419492k(2999388k free)

vm_info: Java HotSpot(TM) Client VM (25.65-b01) for windows-x86 JRE (1.8.0_65-b17), built on Oct  6 2015 17:26:22 by "java_re" with MS VC++ 10.0 (VS2010)

time: Wed Nov 23 22:23:33 2016
elapsed time: 0 seconds (0d 0h 0m 0s)

